{"C:\\Users\\robot\\Downloads\\ecos\\app.ts": {"path":"C:\\Users\\robot\\Downloads\\ecos\\app.ts","statementMap":{"0":{"start":{"line":9,"column":11},"end":{"line":9,"column":null}},"1":{"start":{"line":11,"column":13},"end":{"line":11,"column":null}},"2":{"start":{"line":14,"column":0},"end":{"line":14,"column":null}},"3":{"start":{"line":15,"column":0},"end":{"line":19,"column":null}},"4":{"start":{"line":20,"column":0},"end":{"line":20,"column":null}},"5":{"start":{"line":23,"column":6},"end":{"line":29,"column":null}},"6":{"start":{"line":30,"column":6},"end":{"line":36,"column":null}},"7":{"start":{"line":38,"column":0},"end":{"line":41,"column":null}},"8":{"start":{"line":39,"column":2},"end":{"line":39,"column":null}},"9":{"start":{"line":40,"column":2},"end":{"line":40,"column":null}},"10":{"start":{"line":45,"column":14},"end":{"line":45,"column":null}},"11":{"start":{"line":46,"column":2},"end":{"line":46,"column":null}},"12":{"start":{"line":46,"column":45},"end":{"line":46,"column":null}},"13":{"start":{"line":47,"column":2},"end":{"line":47,"column":null}},"14":{"start":{"line":47,"column":30},"end":{"line":47,"column":null}},"15":{"start":{"line":48,"column":2},"end":{"line":48,"column":null}},"16":{"start":{"line":52,"column":2},"end":{"line":52,"column":null}},"17":{"start":{"line":52,"column":33},"end":{"line":52,"column":null}},"18":{"start":{"line":53,"column":2},"end":{"line":53,"column":null}},"19":{"start":{"line":57,"column":0},"end":{"line":98,"column":null}},"20":{"start":{"line":58,"column":2},"end":{"line":97,"column":null}},"21":{"start":{"line":59,"column":23},"end":{"line":59,"column":null}},"22":{"start":{"line":60,"column":20},"end":{"line":60,"column":null}},"23":{"start":{"line":63,"column":20},"end":{"line":63,"column":null}},"24":{"start":{"line":64,"column":4},"end":{"line":66,"column":null}},"25":{"start":{"line":65,"column":6},"end":{"line":65,"column":null}},"26":{"start":{"line":69,"column":4},"end":{"line":71,"column":null}},"27":{"start":{"line":70,"column":7},"end":{"line":70,"column":null}},"28":{"start":{"line":73,"column":4},"end":{"line":75,"column":null}},"29":{"start":{"line":74,"column":7},"end":{"line":74,"column":null}},"30":{"start":{"line":77,"column":29},"end":{"line":77,"column":null}},"31":{"start":{"line":79,"column":30},"end":{"line":81,"column":null}},"32":{"start":{"line":84,"column":21},"end":{"line":91,"column":null}},"33":{"start":{"line":93,"column":4},"end":{"line":93,"column":null}},"34":{"start":{"line":95,"column":4},"end":{"line":95,"column":null}},"35":{"start":{"line":96,"column":4},"end":{"line":96,"column":null}},"36":{"start":{"line":101,"column":0},"end":{"line":129,"column":null}},"37":{"start":{"line":102,"column":25},"end":{"line":102,"column":null}},"38":{"start":{"line":103,"column":2},"end":{"line":103,"column":null}},"39":{"start":{"line":103,"column":29},"end":{"line":103,"column":null}},"40":{"start":{"line":104,"column":21},"end":{"line":104,"column":null}},"41":{"start":{"line":106,"column":21},"end":{"line":106,"column":null}},"42":{"start":{"line":107,"column":15},"end":{"line":107,"column":null}},"43":{"start":{"line":109,"column":23},"end":{"line":109,"column":null}},"44":{"start":{"line":110,"column":2},"end":{"line":116,"column":null}},"45":{"start":{"line":111,"column":16},"end":{"line":111,"column":40}},"46":{"start":{"line":111,"column":40},"end":{"line":111,"column":null}},"47":{"start":{"line":112,"column":16},"end":{"line":112,"column":40}},"48":{"start":{"line":112,"column":40},"end":{"line":112,"column":null}},"49":{"start":{"line":113,"column":18},"end":{"line":113,"column":42}},"50":{"start":{"line":113,"column":42},"end":{"line":113,"column":null}},"51":{"start":{"line":114,"column":17},"end":{"line":114,"column":37}},"52":{"start":{"line":114,"column":37},"end":{"line":114,"column":null}},"53":{"start":{"line":115,"column":13},"end":{"line":115,"column":null}},"54":{"start":{"line":118,"column":18},"end":{"line":118,"column":null}},"55":{"start":{"line":121,"column":2},"end":{"line":128,"column":null}},"56":{"start":{"line":122,"column":4},"end":{"line":127,"column":null}},"57":{"start":{"line":132,"column":0},"end":{"line":153,"column":null}},"58":{"start":{"line":133,"column":21},"end":{"line":133,"column":null}},"59":{"start":{"line":134,"column":2},"end":{"line":134,"column":null}},"60":{"start":{"line":134,"column":25},"end":{"line":134,"column":null}},"61":{"start":{"line":135,"column":22},"end":{"line":135,"column":null}},"62":{"start":{"line":139,"column":21},"end":{"line":139,"column":null}},"63":{"start":{"line":140,"column":24},"end":{"line":140,"column":null}},"64":{"start":{"line":141,"column":26},"end":{"line":141,"column":null}},"65":{"start":{"line":143,"column":18},"end":{"line":143,"column":null}},"66":{"start":{"line":145,"column":2},"end":{"line":152,"column":null}},"67":{"start":{"line":146,"column":4},"end":{"line":151,"column":null}},"68":{"start":{"line":156,"column":0},"end":{"line":171,"column":null}},"69":{"start":{"line":157,"column":14},"end":{"line":157,"column":null}},"70":{"start":{"line":158,"column":15},"end":{"line":158,"column":null}},"71":{"start":{"line":159,"column":2},"end":{"line":159,"column":null}},"72":{"start":{"line":159,"column":16},"end":{"line":159,"column":null}},"73":{"start":{"line":161,"column":18},"end":{"line":161,"column":null}},"74":{"start":{"line":163,"column":2},"end":{"line":170,"column":null}},"75":{"start":{"line":164,"column":4},"end":{"line":169,"column":null}},"76":{"start":{"line":174,"column":2},"end":{"line":174,"column":null}},"77":{"start":{"line":174,"column":41},"end":{"line":174,"column":49}},"78":{"start":{"line":177,"column":2},"end":{"line":190,"column":null}},"79":{"start":{"line":178,"column":17},"end":{"line":181,"column":null}},"80":{"start":{"line":182,"column":4},"end":{"line":182,"column":null}},"81":{"start":{"line":185,"column":21},"end":{"line":185,"column":null}},"82":{"start":{"line":186,"column":4},"end":{"line":186,"column":null}},"83":{"start":{"line":187,"column":4},"end":{"line":189,"column":null}},"84":{"start":{"line":188,"column":6},"end":{"line":188,"column":null}}},"fnMap":{"0":{"name":"validateNumber","decl":{"start":{"line":44,"column":9},"end":{"line":44,"column":24}},"loc":{"start":{"line":44,"column":133},"end":{"line":49,"column":null}},"line":44},"1":{"name":"sanitizeString","decl":{"start":{"line":51,"column":9},"end":{"line":51,"column":24}},"loc":{"start":{"line":51,"column":67},"end":{"line":54,"column":null}},"line":51},"2":{"name":"(anonymous_2)","decl":{"start":{"line":57,"column":27},"end":{"line":57,"column":34}},"loc":{"start":{"line":57,"column":47},"end":{"line":98,"column":1}},"line":57},"3":{"name":"(anonymous_3)","decl":{"start":{"line":101,"column":25},"end":{"line":101,"column":26}},"loc":{"start":{"line":101,"column":39},"end":{"line":129,"column":1}},"line":101},"4":{"name":"(anonymous_4)","decl":{"start":{"line":121,"column":13},"end":{"line":121,"column":19}},"loc":{"start":{"line":121,"column":19},"end":{"line":128,"column":5}},"line":121},"5":{"name":"(anonymous_5)","decl":{"start":{"line":132,"column":23},"end":{"line":132,"column":24}},"loc":{"start":{"line":132,"column":37},"end":{"line":153,"column":1}},"line":132},"6":{"name":"(anonymous_6)","decl":{"start":{"line":145,"column":13},"end":{"line":145,"column":19}},"loc":{"start":{"line":145,"column":19},"end":{"line":152,"column":5}},"line":145},"7":{"name":"(anonymous_7)","decl":{"start":{"line":156,"column":28},"end":{"line":156,"column":29}},"loc":{"start":{"line":156,"column":42},"end":{"line":171,"column":1}},"line":156},"8":{"name":"(anonymous_8)","decl":{"start":{"line":163,"column":13},"end":{"line":163,"column":19}},"loc":{"start":{"line":163,"column":19},"end":{"line":170,"column":5}},"line":163},"9":{"name":"setupFrontend","decl":{"start":{"line":173,"column":22},"end":{"line":173,"column":36}},"loc":{"start":{"line":173,"column":66},"end":{"line":191,"column":null}},"line":173},"10":{"name":"(anonymous_10)","decl":{"start":{"line":187,"column":25},"end":{"line":187,"column":26}},"loc":{"start":{"line":187,"column":39},"end":{"line":189,"column":5}},"line":187}},"branchMap":{"0":{"loc":{"start":{"line":9,"column":37},"end":{"line":9,"column":70}},"type":"binary-expr","locations":[{"start":{"line":9,"column":37},"end":{"line":9,"column":67}},{"start":{"line":9,"column":67},"end":{"line":9,"column":70}}],"line":9},"1":{"loc":{"start":{"line":16,"column":10},"end":{"line":18,"column":null}},"type":"cond-expr","locations":[{"start":{"line":17,"column":6},"end":{"line":17,"column":null}},{"start":{"line":18,"column":6},"end":{"line":18,"column":null}}],"line":16},"2":{"loc":{"start":{"line":17,"column":6},"end":{"line":17,"column":null}},"type":"binary-expr","locations":[{"start":{"line":17,"column":6},"end":{"line":17,"column":29}},{"start":{"line":17,"column":29},"end":{"line":17,"column":null}}],"line":17},"3":{"loc":{"start":{"line":38,"column":0},"end":{"line":41,"column":null}},"type":"if","locations":[{"start":{"line":38,"column":0},"end":{"line":41,"column":null}},{"start":{},"end":{}}],"line":38},"4":{"loc":{"start":{"line":45,"column":14},"end":{"line":45,"column":null}},"type":"cond-expr","locations":[{"start":{"line":45,"column":42},"end":{"line":45,"column":62}},{"start":{"line":45,"column":62},"end":{"line":45,"column":null}}],"line":45},"5":{"loc":{"start":{"line":46,"column":2},"end":{"line":46,"column":null}},"type":"if","locations":[{"start":{"line":46,"column":2},"end":{"line":46,"column":null}},{"start":{},"end":{}}],"line":46},"6":{"loc":{"start":{"line":46,"column":6},"end":{"line":46,"column":45}},"type":"binary-expr","locations":[{"start":{"line":46,"column":6},"end":{"line":46,"column":33}},{"start":{"line":46,"column":33},"end":{"line":46,"column":45}}],"line":46},"7":{"loc":{"start":{"line":47,"column":2},"end":{"line":47,"column":null}},"type":"if","locations":[{"start":{"line":47,"column":2},"end":{"line":47,"column":null}},{"start":{},"end":{}}],"line":47},"8":{"loc":{"start":{"line":47,"column":6},"end":{"line":47,"column":30}},"type":"binary-expr","locations":[{"start":{"line":47,"column":6},"end":{"line":47,"column":19}},{"start":{"line":47,"column":19},"end":{"line":47,"column":30}}],"line":47},"9":{"loc":{"start":{"line":52,"column":2},"end":{"line":52,"column":null}},"type":"if","locations":[{"start":{"line":52,"column":2},"end":{"line":52,"column":null}},{"start":{},"end":{}}],"line":52},"10":{"loc":{"start":{"line":64,"column":4},"end":{"line":66,"column":null}},"type":"if","locations":[{"start":{"line":64,"column":4},"end":{"line":66,"column":null}},{"start":{},"end":{}}],"line":64},"11":{"loc":{"start":{"line":69,"column":4},"end":{"line":71,"column":null}},"type":"if","locations":[{"start":{"line":69,"column":4},"end":{"line":71,"column":null}},{"start":{},"end":{}}],"line":69},"12":{"loc":{"start":{"line":73,"column":4},"end":{"line":75,"column":null}},"type":"if","locations":[{"start":{"line":73,"column":4},"end":{"line":75,"column":null}},{"start":{},"end":{}}],"line":73},"13":{"loc":{"start":{"line":77,"column":59},"end":{"line":77,"column":72}},"type":"binary-expr","locations":[{"start":{"line":77,"column":59},"end":{"line":77,"column":70}},{"start":{"line":77,"column":70},"end":{"line":77,"column":72}}],"line":77},"14":{"loc":{"start":{"line":103,"column":2},"end":{"line":103,"column":null}},"type":"if","locations":[{"start":{"line":103,"column":2},"end":{"line":103,"column":null}},{"start":{},"end":{}}],"line":103},"15":{"loc":{"start":{"line":107,"column":15},"end":{"line":107,"column":null}},"type":"cond-expr","locations":[{"start":{"line":107,"column":53},"end":{"line":107,"column":69}},{"start":{"line":107,"column":69},"end":{"line":107,"column":null}}],"line":107},"16":{"loc":{"start":{"line":110,"column":2},"end":{"line":116,"column":null}},"type":"switch","locations":[{"start":{"line":111,"column":4},"end":{"line":111,"column":null}},{"start":{"line":112,"column":4},"end":{"line":112,"column":null}},{"start":{"line":113,"column":4},"end":{"line":113,"column":null}},{"start":{"line":114,"column":4},"end":{"line":114,"column":null}},{"start":{"line":115,"column":4},"end":{"line":115,"column":null}}],"line":110},"17":{"loc":{"start":{"line":118,"column":18},"end":{"line":118,"column":null}},"type":"cond-expr","locations":[{"start":{"line":118,"column":52},"end":{"line":118,"column":56}},{"start":{"line":118,"column":56},"end":{"line":118,"column":null}}],"line":118},"18":{"loc":{"start":{"line":134,"column":2},"end":{"line":134,"column":null}},"type":"if","locations":[{"start":{"line":134,"column":2},"end":{"line":134,"column":null}},{"start":{},"end":{}}],"line":134},"19":{"loc":{"start":{"line":143,"column":18},"end":{"line":143,"column":null}},"type":"cond-expr","locations":[{"start":{"line":143,"column":52},"end":{"line":143,"column":56}},{"start":{"line":143,"column":56},"end":{"line":143,"column":null}}],"line":143},"20":{"loc":{"start":{"line":159,"column":2},"end":{"line":159,"column":null}},"type":"if","locations":[{"start":{"line":159,"column":2},"end":{"line":159,"column":null}},{"start":{},"end":{}}],"line":159},"21":{"loc":{"start":{"line":161,"column":18},"end":{"line":161,"column":null}},"type":"cond-expr","locations":[{"start":{"line":161,"column":52},"end":{"line":161,"column":56}},{"start":{"line":161,"column":56},"end":{"line":161,"column":null}}],"line":161},"22":{"loc":{"start":{"line":174,"column":2},"end":{"line":174,"column":null}},"type":"if","locations":[{"start":{"line":174,"column":2},"end":{"line":174,"column":null}},{"start":{},"end":{}}],"line":174},"23":{"loc":{"start":{"line":177,"column":2},"end":{"line":190,"column":null}},"type":"if","locations":[{"start":{"line":177,"column":2},"end":{"line":190,"column":null}},{"start":{"line":183,"column":9},"end":{"line":190,"column":null}}],"line":177}},"s":{"0":1,"1":1,"2":1,"3":1,"4":1,"5":1,"6":1,"7":1,"8":0,"9":0,"10":15,"11":15,"12":4,"13":11,"14":4,"15":7,"16":7,"17":2,"18":5,"19":1,"20":7,"21":7,"22":7,"23":7,"24":7,"25":4,"26":3,"27":1,"28":2,"29":2,"30":0,"31":7,"32":7,"33":0,"34":1,"35":1,"36":1,"37":10,"38":10,"39":4,"40":6,"41":6,"42":6,"43":10,"44":10,"45":3,"46":3,"47":1,"48":1,"49":1,"50":1,"51":1,"52":1,"53":0,"54":6,"55":10,"56":6,"57":1,"58":5,"59":5,"60":4,"61":1,"62":1,"63":1,"64":1,"65":1,"66":5,"67":1,"68":1,"69":11,"70":11,"71":11,"72":4,"73":11,"74":11,"75":11,"76":0,"77":0,"78":0,"79":0,"80":0,"81":0,"82":0,"83":0,"84":0},"f":{"0":15,"1":7,"2":7,"3":10,"4":6,"5":5,"6":1,"7":11,"8":11,"9":0,"10":0},"b":{"0":[1,1],"1":[0,1],"2":[0,0],"3":[0,1],"4":[2,13],"5":[4,11],"6":[15,13],"7":[4,7],"8":[11,8],"9":[2,5],"10":[4,3],"11":[1,2],"12":[2,0],"13":[0,0],"14":[4,6],"15":[5,1],"16":[3,1,1,1,0],"17":[6,0],"18":[4,1],"19":[1,0],"20":[4,7],"21":[11,0],"22":[0,0],"23":[0,0]},"meta":{"lastBranch":24,"lastFunction":11,"lastStatement":85,"seen":{"s:9:11:9:Infinity":0,"b:9:37:9:67:9:67:9:70":0,"s:11:13:11:Infinity":1,"s:14:0:14:Infinity":2,"s:15:0:19:Infinity":3,"b:17:6:17:Infinity:18:6:18:Infinity":1,"b:17:6:17:29:17:29:17:Infinity":2,"s:20:0:20:Infinity":4,"s:23:6:29:Infinity":5,"s:30:6:36:Infinity":6,"b:38:0:41:Infinity:undefined:undefined:undefined:undefined":3,"s:38:0:41:Infinity":7,"s:39:2:39:Infinity":8,"s:40:2:40:Infinity":9,"f:44:9:44:24":0,"s:45:14:45:Infinity":10,"b:45:42:45:62:45:62:45:Infinity":4,"b:46:2:46:Infinity:undefined:undefined:undefined:undefined":5,"s:46:2:46:Infinity":11,"b:46:6:46:33:46:33:46:45":6,"s:46:45:46:Infinity":12,"b:47:2:47:Infinity:undefined:undefined:undefined:undefined":7,"s:47:2:47:Infinity":13,"b:47:6:47:19:47:19:47:30":8,"s:47:30:47:Infinity":14,"s:48:2:48:Infinity":15,"f:51:9:51:24":1,"b:52:2:52:Infinity:undefined:undefined:undefined:undefined":9,"s:52:2:52:Infinity":16,"s:52:33:52:Infinity":17,"s:53:2:53:Infinity":18,"s:57:0:98:Infinity":19,"f:57:27:57:34":2,"s:58:2:97:Infinity":20,"s:59:23:59:Infinity":21,"s:60:20:60:Infinity":22,"s:63:20:63:Infinity":23,"b:64:4:66:Infinity:undefined:undefined:undefined:undefined":10,"s:64:4:66:Infinity":24,"s:65:6:65:Infinity":25,"b:69:4:71:Infinity:undefined:undefined:undefined:undefined":11,"s:69:4:71:Infinity":26,"s:70:7:70:Infinity":27,"b:73:4:75:Infinity:undefined:undefined:undefined:undefined":12,"s:73:4:75:Infinity":28,"s:74:7:74:Infinity":29,"s:77:29:77:Infinity":30,"b:77:59:77:70:77:70:77:72":13,"s:79:30:81:Infinity":31,"s:84:21:91:Infinity":32,"s:93:4:93:Infinity":33,"s:95:4:95:Infinity":34,"s:96:4:96:Infinity":35,"s:101:0:129:Infinity":36,"f:101:25:101:26":3,"s:102:25:102:Infinity":37,"b:103:2:103:Infinity:undefined:undefined:undefined:undefined":14,"s:103:2:103:Infinity":38,"s:103:29:103:Infinity":39,"s:104:21:104:Infinity":40,"s:106:21:106:Infinity":41,"s:107:15:107:Infinity":42,"b:107:53:107:69:107:69:107:Infinity":15,"s:109:23:109:Infinity":43,"b:111:4:111:Infinity:112:4:112:Infinity:113:4:113:Infinity:114:4:114:Infinity:115:4:115:Infinity":16,"s:110:2:116:Infinity":44,"s:111:16:111:40":45,"s:111:40:111:Infinity":46,"s:112:16:112:40":47,"s:112:40:112:Infinity":48,"s:113:18:113:42":49,"s:113:42:113:Infinity":50,"s:114:17:114:37":51,"s:114:37:114:Infinity":52,"s:115:13:115:Infinity":53,"s:118:18:118:Infinity":54,"b:118:52:118:56:118:56:118:Infinity":17,"s:121:2:128:Infinity":55,"f:121:13:121:19":4,"s:122:4:127:Infinity":56,"s:132:0:153:Infinity":57,"f:132:23:132:24":5,"s:133:21:133:Infinity":58,"b:134:2:134:Infinity:undefined:undefined:undefined:undefined":18,"s:134:2:134:Infinity":59,"s:134:25:134:Infinity":60,"s:135:22:135:Infinity":61,"s:139:21:139:Infinity":62,"s:140:24:140:Infinity":63,"s:141:26:141:Infinity":64,"s:143:18:143:Infinity":65,"b:143:52:143:56:143:56:143:Infinity":19,"s:145:2:152:Infinity":66,"f:145:13:145:19":6,"s:146:4:151:Infinity":67,"s:156:0:171:Infinity":68,"f:156:28:156:29":7,"s:157:14:157:Infinity":69,"s:158:15:158:Infinity":70,"b:159:2:159:Infinity:undefined:undefined:undefined:undefined":20,"s:159:2:159:Infinity":71,"s:159:16:159:Infinity":72,"s:161:18:161:Infinity":73,"b:161:52:161:56:161:56:161:Infinity":21,"s:163:2:170:Infinity":74,"f:163:13:163:19":8,"s:164:4:169:Infinity":75,"f:173:22:173:36":9,"b:174:2:174:Infinity:undefined:undefined:undefined:undefined":22,"s:174:2:174:Infinity":76,"s:174:41:174:49":77,"b:177:2:190:Infinity:183:9:190:Infinity":23,"s:177:2:190:Infinity":78,"s:178:17:181:Infinity":79,"s:182:4:182:Infinity":80,"s:185:21:185:Infinity":81,"s:186:4:186:Infinity":82,"s:187:4:189:Infinity":83,"f:187:25:187:26":10,"s:188:6:188:Infinity":84},"fnNames":{}}}
,"C:\\Users\\robot\\Downloads\\ecos\\src\\App.tsx": {"path":"C:\\Users\\robot\\Downloads\\ecos\\src\\App.tsx","statementMap":{"0":{"start":{"line":13,"column":2},"end":{"line":38,"column":null}}},"fnMap":{"0":{"name":"App","decl":{"start":{"line":12,"column":24},"end":{"line":12,"column":30}},"loc":{"start":{"line":12,"column":30},"end":{"line":40,"column":null}},"line":12}},"branchMap":{},"s":{"0":3},"f":{"0":3},"b":{},"meta":{"lastBranch":0,"lastFunction":1,"lastStatement":1,"seen":{"f:12:24:12:30":0,"s:13:2:38:Infinity":0},"fnNames":{}}}
,"C:\\Users\\robot\\Downloads\\ecos\\src\\components\\AirQuality.tsx": {"path":"C:\\Users\\robot\\Downloads\\ecos\\src\\components\\AirQuality.tsx","statementMap":{"0":{"start":{"line":7,"column":22},"end":{"line":7,"column":null}},"1":{"start":{"line":8,"column":24},"end":{"line":8,"column":null}},"2":{"start":{"line":10,"column":8},"end":{"line":21,"column":null}},"3":{"start":{"line":11,"column":4},"end":{"line":20,"column":null}},"4":{"start":{"line":12,"column":18},"end":{"line":12,"column":null}},"5":{"start":{"line":13,"column":6},"end":{"line":13,"column":null}},"6":{"start":{"line":13,"column":19},"end":{"line":13,"column":null}},"7":{"start":{"line":14,"column":19},"end":{"line":14,"column":null}},"8":{"start":{"line":15,"column":6},"end":{"line":15,"column":null}},"9":{"start":{"line":16,"column":6},"end":{"line":16,"column":null}},"10":{"start":{"line":18,"column":6},"end":{"line":18,"column":null}},"11":{"start":{"line":19,"column":6},"end":{"line":19,"column":null}},"12":{"start":{"line":23,"column":2},"end":{"line":51,"column":null}},"13":{"start":{"line":24,"column":4},"end":{"line":24,"column":null}},"14":{"start":{"line":27,"column":58},"end":{"line":27,"column":null}},"15":{"start":{"line":29,"column":25},"end":{"line":32,"column":null}},"16":{"start":{"line":30,"column":6},"end":{"line":30,"column":null}},"17":{"start":{"line":30,"column":20},"end":{"line":30,"column":null}},"18":{"start":{"line":31,"column":6},"end":{"line":31,"column":null}},"19":{"start":{"line":34,"column":29},"end":{"line":42,"column":null}},"20":{"start":{"line":35,"column":6},"end":{"line":41,"column":null}},"21":{"start":{"line":36,"column":8},"end":{"line":36,"column":null}},"22":{"start":{"line":36,"column":22},"end":{"line":36,"column":null}},"23":{"start":{"line":37,"column":8},"end":{"line":37,"column":null}},"24":{"start":{"line":39,"column":8},"end":{"line":39,"column":null}},"25":{"start":{"line":40,"column":8},"end":{"line":40,"column":null}},"26":{"start":{"line":44,"column":4},"end":{"line":44,"column":null}},"27":{"start":{"line":45,"column":4},"end":{"line":45,"column":null}},"28":{"start":{"line":47,"column":4},"end":{"line":50,"column":null}},"29":{"start":{"line":48,"column":6},"end":{"line":48,"column":null}},"30":{"start":{"line":48,"column":20},"end":{"line":48,"column":null}},"31":{"start":{"line":49,"column":6},"end":{"line":49,"column":null}},"32":{"start":{"line":53,"column":25},"end":{"line":57,"column":null}},"33":{"start":{"line":54,"column":4},"end":{"line":54,"column":null}},"34":{"start":{"line":54,"column":27},"end":{"line":54,"column":null}},"35":{"start":{"line":55,"column":4},"end":{"line":55,"column":null}},"36":{"start":{"line":55,"column":31},"end":{"line":55,"column":null}},"37":{"start":{"line":56,"column":4},"end":{"line":56,"column":null}},"38":{"start":{"line":59,"column":2},"end":{"line":117,"column":null}}},"fnMap":{"0":{"name":"AirQuality","decl":{"start":{"line":6,"column":16},"end":{"line":6,"column":29}},"loc":{"start":{"line":6,"column":29},"end":{"line":119,"column":null}},"line":6},"1":{"name":"(anonymous_1)","decl":{"start":{"line":10,"column":31},"end":{"line":10,"column":43}},"loc":{"start":{"line":10,"column":43},"end":{"line":21,"column":5}},"line":10},"2":{"name":"(anonymous_2)","decl":{"start":{"line":23,"column":12},"end":{"line":23,"column":18}},"loc":{"start":{"line":23,"column":18},"end":{"line":51,"column":5}},"line":23},"3":{"name":"(anonymous_3)","decl":{"start":{"line":29,"column":25},"end":{"line":29,"column":31}},"loc":{"start":{"line":29,"column":31},"end":{"line":32,"column":null}},"line":29},"4":{"name":"(anonymous_4)","decl":{"start":{"line":34,"column":29},"end":{"line":34,"column":35}},"loc":{"start":{"line":34,"column":35},"end":{"line":42,"column":null}},"line":34},"5":{"name":"(anonymous_5)","decl":{"start":{"line":47,"column":11},"end":{"line":47,"column":17}},"loc":{"start":{"line":47,"column":17},"end":{"line":50,"column":null}},"line":47},"6":{"name":"(anonymous_6)","decl":{"start":{"line":53,"column":25},"end":{"line":53,"column":26}},"loc":{"start":{"line":53,"column":45},"end":{"line":57,"column":null}},"line":53}},"branchMap":{"0":{"loc":{"start":{"line":13,"column":6},"end":{"line":13,"column":null}},"type":"if","locations":[{"start":{"line":13,"column":6},"end":{"line":13,"column":null}},{"start":{},"end":{}}],"line":13},"1":{"loc":{"start":{"line":30,"column":6},"end":{"line":30,"column":null}},"type":"if","locations":[{"start":{"line":30,"column":6},"end":{"line":30,"column":null}},{"start":{},"end":{}}],"line":30},"2":{"loc":{"start":{"line":35,"column":6},"end":{"line":41,"column":null}},"type":"if","locations":[{"start":{"line":35,"column":6},"end":{"line":41,"column":null}},{"start":{"line":38,"column":13},"end":{"line":41,"column":null}}],"line":35},"3":{"loc":{"start":{"line":36,"column":8},"end":{"line":36,"column":null}},"type":"if","locations":[{"start":{"line":36,"column":8},"end":{"line":36,"column":null}},{"start":{},"end":{}}],"line":36},"4":{"loc":{"start":{"line":48,"column":6},"end":{"line":48,"column":null}},"type":"if","locations":[{"start":{"line":48,"column":6},"end":{"line":48,"column":null}},{"start":{},"end":{}}],"line":48},"5":{"loc":{"start":{"line":54,"column":4},"end":{"line":54,"column":null}},"type":"if","locations":[{"start":{"line":54,"column":4},"end":{"line":54,"column":null}},{"start":{},"end":{}}],"line":54},"6":{"loc":{"start":{"line":55,"column":4},"end":{"line":55,"column":null}},"type":"if","locations":[{"start":{"line":55,"column":4},"end":{"line":55,"column":null}},{"start":{},"end":{}}],"line":55},"7":{"loc":{"start":{"line":71,"column":9},"end":{"line":74,"column":null}},"type":"binary-expr","locations":[{"start":{"line":71,"column":9},"end":{"line":71,"column":null}},{"start":{"line":72,"column":10},"end":{"line":74,"column":null}}],"line":71},"8":{"loc":{"start":{"line":76,"column":9},"end":{"line":114,"column":null}},"type":"cond-expr","locations":[{"start":{"line":77,"column":10},"end":{"line":80,"column":null}},{"start":{"line":82,"column":10},"end":{"line":114,"column":null}}],"line":76}},"s":{"0":11,"1":11,"2":11,"3":6,"4":6,"5":4,"6":4,"7":4,"8":4,"9":4,"10":1,"11":1,"12":11,"13":6,"14":6,"15":6,"16":6,"17":0,"18":6,"19":6,"20":0,"21":0,"22":0,"23":0,"24":0,"25":0,"26":6,"27":6,"28":6,"29":6,"30":6,"31":6,"32":11,"33":4,"34":2,"35":2,"36":2,"37":1,"38":11},"f":{"0":11,"1":6,"2":6,"3":6,"4":0,"5":6,"6":4},"b":{"0":[0,4],"1":[0,6],"2":[0,0],"3":[0,0],"4":[6,0],"5":[2,2],"6":[1,1],"7":[11,1],"8":[7,4]},"meta":{"lastBranch":9,"lastFunction":7,"lastStatement":39,"seen":{"f:6:16:6:29":0,"s:7:22:7:Infinity":0,"s:8:24:8:Infinity":1,"s:10:8:21:Infinity":2,"f:10:31:10:43":1,"s:11:4:20:Infinity":3,"s:12:18:12:Infinity":4,"b:13:6:13:Infinity:undefined:undefined:undefined:undefined":0,"s:13:6:13:Infinity":5,"s:13:19:13:Infinity":6,"s:14:19:14:Infinity":7,"s:15:6:15:Infinity":8,"s:16:6:16:Infinity":9,"s:18:6:18:Infinity":10,"s:19:6:19:Infinity":11,"s:23:2:51:Infinity":12,"f:23:12:23:18":2,"s:24:4:24:Infinity":13,"s:27:58:27:Infinity":14,"s:29:25:32:Infinity":15,"f:29:25:29:31":3,"b:30:6:30:Infinity:undefined:undefined:undefined:undefined":1,"s:30:6:30:Infinity":16,"s:30:20:30:Infinity":17,"s:31:6:31:Infinity":18,"s:34:29:42:Infinity":19,"f:34:29:34:35":4,"b:35:6:41:Infinity:38:13:41:Infinity":2,"s:35:6:41:Infinity":20,"b:36:8:36:Infinity:undefined:undefined:undefined:undefined":3,"s:36:8:36:Infinity":21,"s:36:22:36:Infinity":22,"s:37:8:37:Infinity":23,"s:39:8:39:Infinity":24,"s:40:8:40:Infinity":25,"s:44:4:44:Infinity":26,"s:45:4:45:Infinity":27,"s:47:4:50:Infinity":28,"f:47:11:47:17":5,"b:48:6:48:Infinity:undefined:undefined:undefined:undefined":4,"s:48:6:48:Infinity":29,"s:48:20:48:Infinity":30,"s:49:6:49:Infinity":31,"s:53:25:57:Infinity":32,"f:53:25:53:26":6,"b:54:4:54:Infinity:undefined:undefined:undefined:undefined":5,"s:54:4:54:Infinity":33,"s:54:27:54:Infinity":34,"b:55:4:55:Infinity:undefined:undefined:undefined:undefined":6,"s:55:4:55:Infinity":35,"s:55:31:55:Infinity":36,"s:56:4:56:Infinity":37,"s:59:2:117:Infinity":38,"b:71:9:71:Infinity:72:10:74:Infinity":7,"b:77:10:80:Infinity:82:10:114:Infinity":8},"fnNames":{}}}
,"C:\\Users\\robot\\Downloads\\ecos\\src\\components\\CarbonSummary.tsx": {"path":"C:\\Users\\robot\\Downloads\\ecos\\src\\components\\CarbonSummary.tsx","statementMap":{"0":{"start":{"line":6,"column":32},"end":{"line":6,"column":null}},"1":{"start":{"line":8,"column":2},"end":{"line":26,"column":null}},"2":{"start":{"line":9,"column":4},"end":{"line":24,"column":null}},"3":{"start":{"line":28,"column":2},"end":{"line":73,"column":null}}},"fnMap":{"0":{"name":"CarbonSummary","decl":{"start":{"line":5,"column":16},"end":{"line":5,"column":32}},"loc":{"start":{"line":5,"column":32},"end":{"line":75,"column":null}},"line":5}},"branchMap":{"0":{"loc":{"start":{"line":8,"column":2},"end":{"line":26,"column":null}},"type":"if","locations":[{"start":{"line":8,"column":2},"end":{"line":26,"column":null}},{"start":{},"end":{}}],"line":8},"1":{"loc":{"start":{"line":43,"column":100},"end":{"line":43,"column":138}},"type":"cond-expr","locations":[{"start":{"line":43,"column":129},"end":{"line":43,"column":135}},{"start":{"line":43,"column":135},"end":{"line":43,"column":138}}],"line":43}},"s":{"0":4,"1":4,"2":2,"3":2},"f":{"0":4},"b":{"0":[2,2],"1":[1,1]},"meta":{"lastBranch":2,"lastFunction":1,"lastStatement":4,"seen":{"f:5:16:5:32":0,"s:6:32:6:Infinity":0,"b:8:2:26:Infinity:undefined:undefined:undefined:undefined":0,"s:8:2:26:Infinity":1,"s:9:4:24:Infinity":2,"s:28:2:73:Infinity":3,"b:43:129:43:135:43:135:43:138":1},"fnNames":{}}}
,"C:\\Users\\robot\\Downloads\\ecos\\src\\components\\Card.tsx": {"path":"C:\\Users\\robot\\Downloads\\ecos\\src\\components\\Card.tsx","statementMap":{"0":{"start":{"line":17,"column":20},"end":{"line":57,"column":null}},"1":{"start":{"line":28,"column":8},"end":{"line":28,"column":null}},"2":{"start":{"line":29,"column":18},"end":{"line":29,"column":null}},"3":{"start":{"line":31,"column":2},"end":{"line":55,"column":null}}},"fnMap":{"0":{"name":"Card2","decl":{"start":{"line":17,"column":40},"end":{"line":17,"column":45}},"loc":{"start":{"line":27,"column":14},"end":{"line":57,"column":1}},"line":27}},"branchMap":{"0":{"loc":{"start":{"line":21,"column":2},"end":{"line":21,"column":null}},"type":"default-arg","locations":[{"start":{"line":21,"column":10},"end":{"line":21,"column":null}}],"line":21},"1":{"loc":{"start":{"line":22,"column":2},"end":{"line":22,"column":null}},"type":"default-arg","locations":[{"start":{"line":22,"column":14},"end":{"line":22,"column":null}}],"line":22},"2":{"loc":{"start":{"line":24,"column":2},"end":{"line":24,"column":null}},"type":"default-arg","locations":[{"start":{"line":24,"column":18},"end":{"line":24,"column":null}}],"line":24},"3":{"loc":{"start":{"line":25,"column":2},"end":{"line":25,"column":null}},"type":"default-arg","locations":[{"start":{"line":25,"column":16},"end":{"line":25,"column":null}}],"line":25},"4":{"loc":{"start":{"line":26,"column":2},"end":{"line":26,"column":null}},"type":"default-arg","locations":[{"start":{"line":26,"column":19},"end":{"line":26,"column":null}}],"line":26},"5":{"loc":{"start":{"line":41,"column":11},"end":{"line":44,"column":null}},"type":"binary-expr","locations":[{"start":{"line":41,"column":11},"end":{"line":41,"column":null}},{"start":{"line":42,"column":12},"end":{"line":44,"column":null}}],"line":41}},"s":{"0":5,"1":101,"2":101,"3":101},"f":{"0":101},"b":{"0":[101],"1":[101],"2":[101],"3":[101],"4":[101],"5":[101,98]},"meta":{"lastBranch":6,"lastFunction":1,"lastStatement":4,"seen":{"s:17:20:57:Infinity":0,"f:17:40:17:45":0,"b:21:10:21:Infinity":0,"b:22:14:22:Infinity":1,"b:24:18:24:Infinity":2,"b:25:16:25:Infinity":3,"b:26:19:26:Infinity":4,"s:28:8:28:Infinity":1,"s:29:18:29:Infinity":2,"s:31:2:55:Infinity":3,"b:41:11:41:Infinity:42:12:44:Infinity":5},"fnNames":{}}}
,"C:\\Users\\robot\\Downloads\\ecos\\src\\components\\EcoCoach.tsx": {"path":"C:\\Users\\robot\\Downloads\\ecos\\src\\components\\EcoCoach.tsx","statementMap":{"0":{"start":{"line":7,"column":22},"end":{"line":12,"column":null}},"1":{"start":{"line":15,"column":30},"end":{"line":17,"column":null}},"2":{"start":{"line":18,"column":24},"end":{"line":18,"column":null}},"3":{"start":{"line":19,"column":28},"end":{"line":19,"column":null}},"4":{"start":{"line":20,"column":8},"end":{"line":20,"column":null}},"5":{"start":{"line":22,"column":2},"end":{"line":26,"column":null}},"6":{"start":{"line":23,"column":4},"end":{"line":25,"column":null}},"7":{"start":{"line":24,"column":6},"end":{"line":24,"column":null}},"8":{"start":{"line":28,"column":8},"end":{"line":47,"column":null}},"9":{"start":{"line":29,"column":26},"end":{"line":29,"column":null}},"10":{"start":{"line":30,"column":4},"end":{"line":30,"column":null}},"11":{"start":{"line":30,"column":35},"end":{"line":30,"column":null}},"12":{"start":{"line":31,"column":4},"end":{"line":31,"column":null}},"13":{"start":{"line":32,"column":4},"end":{"line":32,"column":null}},"14":{"start":{"line":32,"column":24},"end":{"line":32,"column":72}},"15":{"start":{"line":33,"column":4},"end":{"line":33,"column":null}},"16":{"start":{"line":35,"column":4},"end":{"line":45,"column":null}},"17":{"start":{"line":36,"column":18},"end":{"line":40,"column":null}},"18":{"start":{"line":41,"column":19},"end":{"line":41,"column":null}},"19":{"start":{"line":42,"column":6},"end":{"line":42,"column":null}},"20":{"start":{"line":42,"column":26},"end":{"line":42,"column":90}},"21":{"start":{"line":44,"column":6},"end":{"line":44,"column":null}},"22":{"start":{"line":44,"column":26},"end":{"line":44,"column":100}},"23":{"start":{"line":46,"column":4},"end":{"line":46,"column":null}},"24":{"start":{"line":49,"column":23},"end":{"line":52,"column":null}},"25":{"start":{"line":50,"column":4},"end":{"line":50,"column":null}},"26":{"start":{"line":51,"column":4},"end":{"line":51,"column":null}},"27":{"start":{"line":54,"column":2},"end":{"line":148,"column":null}},"28":{"start":{"line":69,"column":12},"end":{"line":78,"column":null}},"29":{"start":{"line":72,"column":29},"end":{"line":72,"column":null}},"30":{"start":{"line":85,"column":16},"end":{"line":107,"column":null}},"31":{"start":{"line":127,"column":30},"end":{"line":127,"column":null}}},"fnMap":{"0":{"name":"EcoCoach","decl":{"start":{"line":14,"column":16},"end":{"line":14,"column":27}},"loc":{"start":{"line":14,"column":27},"end":{"line":150,"column":null}},"line":14},"1":{"name":"(anonymous_1)","decl":{"start":{"line":22,"column":12},"end":{"line":22,"column":18}},"loc":{"start":{"line":22,"column":18},"end":{"line":26,"column":5}},"line":22},"2":{"name":"(anonymous_2)","decl":{"start":{"line":28,"column":27},"end":{"line":28,"column":34}},"loc":{"start":{"line":28,"column":63},"end":{"line":47,"column":5}},"line":28},"3":{"name":"(anonymous_3)","decl":{"start":{"line":32,"column":16},"end":{"line":32,"column":24}},"loc":{"start":{"line":32,"column":24},"end":{"line":32,"column":72}},"line":32},"4":{"name":"(anonymous_4)","decl":{"start":{"line":42,"column":18},"end":{"line":42,"column":26}},"loc":{"start":{"line":42,"column":26},"end":{"line":42,"column":90}},"line":42},"5":{"name":"(anonymous_5)","decl":{"start":{"line":44,"column":18},"end":{"line":44,"column":26}},"loc":{"start":{"line":44,"column":26},"end":{"line":44,"column":100}},"line":44},"6":{"name":"(anonymous_6)","decl":{"start":{"line":49,"column":23},"end":{"line":49,"column":24}},"loc":{"start":{"line":49,"column":47},"end":{"line":52,"column":null}},"line":49},"7":{"name":"(anonymous_7)","decl":{"start":{"line":68,"column":29},"end":{"line":68,"column":30}},"loc":{"start":{"line":69,"column":12},"end":{"line":78,"column":null}},"line":69},"8":{"name":"(anonymous_8)","decl":{"start":{"line":72,"column":23},"end":{"line":72,"column":29}},"loc":{"start":{"line":72,"column":29},"end":{"line":72,"column":null}},"line":72},"9":{"name":"(anonymous_9)","decl":{"start":{"line":84,"column":27},"end":{"line":84,"column":28}},"loc":{"start":{"line":85,"column":16},"end":{"line":107,"column":null}},"line":85},"10":{"name":"(anonymous_10)","decl":{"start":{"line":127,"column":25},"end":{"line":127,"column":30}},"loc":{"start":{"line":127,"column":30},"end":{"line":127,"column":null}},"line":127}},"branchMap":{"0":{"loc":{"start":{"line":23,"column":4},"end":{"line":25,"column":null}},"type":"if","locations":[{"start":{"line":23,"column":4},"end":{"line":25,"column":null}},{"start":{},"end":{}}],"line":23},"1":{"loc":{"start":{"line":29,"column":26},"end":{"line":29,"column":null}},"type":"binary-expr","locations":[{"start":{"line":29,"column":26},"end":{"line":29,"column":45}},{"start":{"line":29,"column":45},"end":{"line":29,"column":null}}],"line":29},"2":{"loc":{"start":{"line":30,"column":4},"end":{"line":30,"column":null}},"type":"if","locations":[{"start":{"line":30,"column":4},"end":{"line":30,"column":null}},{"start":{},"end":{}}],"line":30},"3":{"loc":{"start":{"line":30,"column":8},"end":{"line":30,"column":35}},"type":"binary-expr","locations":[{"start":{"line":30,"column":8},"end":{"line":30,"column":26}},{"start":{"line":30,"column":26},"end":{"line":30,"column":35}}],"line":30},"4":{"loc":{"start":{"line":42,"column":63},"end":{"line":42,"column":88}},"type":"binary-expr","locations":[{"start":{"line":42,"column":63},"end":{"line":42,"column":77}},{"start":{"line":42,"column":77},"end":{"line":42,"column":88}}],"line":42},"5":{"loc":{"start":{"line":89,"column":37},"end":{"line":89,"column":88}},"type":"cond-expr","locations":[{"start":{"line":89,"column":57},"end":{"line":89,"column":73}},{"start":{"line":89,"column":73},"end":{"line":89,"column":88}}],"line":89},"6":{"loc":{"start":{"line":93,"column":22},"end":{"line":95,"column":null}},"type":"cond-expr","locations":[{"start":{"line":94,"column":26},"end":{"line":94,"column":null}},{"start":{"line":95,"column":26},"end":{"line":95,"column":null}}],"line":93},"7":{"loc":{"start":{"line":97,"column":32},"end":{"line":97,"column":null}},"type":"cond-expr","locations":[{"start":{"line":97,"column":52},"end":{"line":97,"column":65}},{"start":{"line":97,"column":65},"end":{"line":97,"column":null}}],"line":97},"8":{"loc":{"start":{"line":99,"column":21},"end":{"line":104,"column":null}},"type":"cond-expr","locations":[{"start":{"line":100,"column":23},"end":{"line":102,"column":null}},{"start":{"line":104,"column":22},"end":{"line":104,"column":null}}],"line":99},"9":{"loc":{"start":{"line":109,"column":14},"end":{"line":115,"column":null}},"type":"binary-expr","locations":[{"start":{"line":109,"column":14},"end":{"line":109,"column":null}},{"start":{"line":110,"column":15},"end":{"line":115,"column":null}}],"line":109},"10":{"loc":{"start":{"line":134,"column":25},"end":{"line":134,"column":null}},"type":"binary-expr","locations":[{"start":{"line":134,"column":25},"end":{"line":134,"column":42}},{"start":{"line":134,"column":42},"end":{"line":134,"column":null}}],"line":134}},"s":{"0":1,"1":48,"2":48,"3":48,"4":48,"5":48,"6":16,"7":16,"8":48,"9":4,"10":4,"11":0,"12":4,"13":4,"14":4,"15":4,"16":4,"17":4,"18":3,"19":3,"20":3,"21":1,"22":1,"23":4,"24":48,"25":3,"26":3,"27":48,"28":192,"29":1,"30":60,"31":32},"f":{"0":48,"1":16,"2":4,"3":4,"4":3,"5":1,"6":3,"7":192,"8":1,"9":60,"10":32},"b":{"0":[16,0],"1":[4,3],"2":[0,4],"3":[4,4],"4":[3,0],"5":[8,52],"6":[8,52],"7":[8,52],"8":[52,8],"9":[48,4],"10":[48,29]},"meta":{"lastBranch":11,"lastFunction":11,"lastStatement":32,"seen":{"s:7:22:12:Infinity":0,"f:14:16:14:27":0,"s:15:30:17:Infinity":1,"s:18:24:18:Infinity":2,"s:19:28:19:Infinity":3,"s:20:8:20:Infinity":4,"s:22:2:26:Infinity":5,"f:22:12:22:18":1,"b:23:4:25:Infinity:undefined:undefined:undefined:undefined":0,"s:23:4:25:Infinity":6,"s:24:6:24:Infinity":7,"s:28:8:47:Infinity":8,"f:28:27:28:34":2,"s:29:26:29:Infinity":9,"b:29:26:29:45:29:45:29:Infinity":1,"b:30:4:30:Infinity:undefined:undefined:undefined:undefined":2,"s:30:4:30:Infinity":10,"b:30:8:30:26:30:26:30:35":3,"s:30:35:30:Infinity":11,"s:31:4:31:Infinity":12,"s:32:4:32:Infinity":13,"f:32:16:32:24":3,"s:32:24:32:72":14,"s:33:4:33:Infinity":15,"s:35:4:45:Infinity":16,"s:36:18:40:Infinity":17,"s:41:19:41:Infinity":18,"s:42:6:42:Infinity":19,"f:42:18:42:26":4,"s:42:26:42:90":20,"b:42:63:42:77:42:77:42:88":4,"s:44:6:44:Infinity":21,"f:44:18:44:26":5,"s:44:26:44:100":22,"s:46:4:46:Infinity":23,"s:49:23:52:Infinity":24,"f:49:23:49:24":6,"s:50:4:50:Infinity":25,"s:51:4:51:Infinity":26,"s:54:2:148:Infinity":27,"f:68:29:68:30":7,"s:69:12:78:Infinity":28,"f:72:23:72:29":8,"s:72:29:72:Infinity":29,"f:84:27:84:28":9,"s:85:16:107:Infinity":30,"b:89:57:89:73:89:73:89:88":5,"b:94:26:94:Infinity:95:26:95:Infinity":6,"b:97:52:97:65:97:65:97:Infinity":7,"b:100:23:102:Infinity:104:22:104:Infinity":8,"b:109:14:109:Infinity:110:15:115:Infinity":9,"f:127:25:127:30":10,"s:127:30:127:Infinity":31,"b:134:25:134:42:134:42:134:Infinity":10},"fnNames":{}}}
,"C:\\Users\\robot\\Downloads\\ecos\\src\\components\\SolarInsight.tsx": {"path":"C:\\Users\\robot\\Downloads\\ecos\\src\\components\\SolarInsight.tsx","statementMap":{"0":{"start":{"line":8,"column":22},"end":{"line":8,"column":null}},"1":{"start":{"line":9,"column":28},"end":{"line":9,"column":null}},"2":{"start":{"line":10,"column":24},"end":{"line":10,"column":null}},"3":{"start":{"line":11,"column":26},"end":{"line":11,"column":null}},"4":{"start":{"line":12,"column":8},"end":{"line":12,"column":null}},"5":{"start":{"line":13,"column":19},"end":{"line":13,"column":null}},"6":{"start":{"line":15,"column":18},"end":{"line":37,"column":null}},"7":{"start":{"line":16,"column":4},"end":{"line":16,"column":null}},"8":{"start":{"line":17,"column":4},"end":{"line":17,"column":null}},"9":{"start":{"line":17,"column":40},"end":{"line":17,"column":null}},"10":{"start":{"line":18,"column":4},"end":{"line":18,"column":null}},"11":{"start":{"line":19,"column":4},"end":{"line":19,"column":null}},"12":{"start":{"line":20,"column":4},"end":{"line":20,"column":null}},"13":{"start":{"line":21,"column":4},"end":{"line":35,"column":null}},"14":{"start":{"line":22,"column":18},"end":{"line":26,"column":null}},"15":{"start":{"line":27,"column":6},"end":{"line":27,"column":null}},"16":{"start":{"line":27,"column":19},"end":{"line":27,"column":null}},"17":{"start":{"line":28,"column":19},"end":{"line":28,"column":null}},"18":{"start":{"line":29,"column":6},"end":{"line":29,"column":null}},"19":{"start":{"line":30,"column":6},"end":{"line":30,"column":null}},"20":{"start":{"line":31,"column":6},"end":{"line":31,"column":null}},"21":{"start":{"line":31,"column":23},"end":{"line":31,"column":51}},"22":{"start":{"line":33,"column":6},"end":{"line":33,"column":null}},"23":{"start":{"line":34,"column":6},"end":{"line":34,"column":null}},"24":{"start":{"line":36,"column":4},"end":{"line":36,"column":null}},"25":{"start":{"line":39,"column":2},"end":{"line":116,"column":null}},"26":{"start":{"line":60,"column":31},"end":{"line":60,"column":null}}},"fnMap":{"0":{"name":"SolarInsight","decl":{"start":{"line":7,"column":16},"end":{"line":7,"column":31}},"loc":{"start":{"line":7,"column":31},"end":{"line":118,"column":null}},"line":7},"1":{"name":"(anonymous_1)","decl":{"start":{"line":15,"column":18},"end":{"line":15,"column":25}},"loc":{"start":{"line":15,"column":49},"end":{"line":37,"column":null}},"line":15},"2":{"name":"(anonymous_2)","decl":{"start":{"line":31,"column":17},"end":{"line":31,"column":23}},"loc":{"start":{"line":31,"column":23},"end":{"line":31,"column":51}},"line":31},"3":{"name":"(anonymous_3)","decl":{"start":{"line":60,"column":24},"end":{"line":60,"column":25}},"loc":{"start":{"line":60,"column":31},"end":{"line":60,"column":null}},"line":60}},"branchMap":{"0":{"loc":{"start":{"line":17,"column":4},"end":{"line":17,"column":null}},"type":"if","locations":[{"start":{"line":17,"column":4},"end":{"line":17,"column":null}},{"start":{},"end":{}}],"line":17},"1":{"loc":{"start":{"line":17,"column":8},"end":{"line":17,"column":40}},"type":"binary-expr","locations":[{"start":{"line":17,"column":8},"end":{"line":17,"column":17}},{"start":{"line":17,"column":17},"end":{"line":17,"column":40}}],"line":17},"2":{"loc":{"start":{"line":27,"column":6},"end":{"line":27,"column":null}},"type":"if","locations":[{"start":{"line":27,"column":6},"end":{"line":27,"column":null}},{"start":{},"end":{}}],"line":27},"3":{"loc":{"start":{"line":76,"column":20},"end":{"line":76,"column":null}},"type":"binary-expr","locations":[{"start":{"line":76,"column":20},"end":{"line":76,"column":31}},{"start":{"line":76,"column":31},"end":{"line":76,"column":null}}],"line":76},"4":{"loc":{"start":{"line":80,"column":11},"end":{"line":80,"column":null}},"type":"cond-expr","locations":[{"start":{"line":80,"column":21},"end":{"line":80,"column":95}},{"start":{"line":80,"column":95},"end":{"line":80,"column":null}}],"line":80},"5":{"loc":{"start":{"line":83,"column":9},"end":{"line":86,"column":null}},"type":"binary-expr","locations":[{"start":{"line":83,"column":9},"end":{"line":83,"column":null}},{"start":{"line":84,"column":10},"end":{"line":86,"column":null}}],"line":83},"6":{"loc":{"start":{"line":91,"column":13},"end":{"line":111,"column":null}},"type":"binary-expr","locations":[{"start":{"line":91,"column":13},"end":{"line":91,"column":23}},{"start":{"line":91,"column":23},"end":{"line":91,"column":null}},{"start":{"line":92,"column":15},"end":{"line":111,"column":null}}],"line":91}},"s":{"0":20,"1":20,"2":20,"3":20,"4":20,"5":20,"6":20,"7":3,"8":3,"9":0,"10":3,"11":3,"12":3,"13":3,"14":3,"15":2,"16":2,"17":2,"18":2,"19":2,"20":2,"21":1,"22":1,"23":1,"24":3,"25":20,"26":8},"f":{"0":20,"1":3,"2":1,"3":8},"b":{"0":[0,3],"1":[3,3],"2":[0,2],"3":[20,17],"4":[3,17],"5":[20,1],"6":[20,2,2]},"meta":{"lastBranch":7,"lastFunction":4,"lastStatement":27,"seen":{"f:7:16:7:31":0,"s:8:22:8:Infinity":0,"s:9:28:9:Infinity":1,"s:10:24:10:Infinity":2,"s:11:26:11:Infinity":3,"s:12:8:12:Infinity":4,"s:13:19:13:Infinity":5,"s:15:18:37:Infinity":6,"f:15:18:15:25":1,"s:16:4:16:Infinity":7,"b:17:4:17:Infinity:undefined:undefined:undefined:undefined":0,"s:17:4:17:Infinity":8,"b:17:8:17:17:17:17:17:40":1,"s:17:40:17:Infinity":9,"s:18:4:18:Infinity":10,"s:19:4:19:Infinity":11,"s:20:4:20:Infinity":12,"s:21:4:35:Infinity":13,"s:22:18:26:Infinity":14,"b:27:6:27:Infinity:undefined:undefined:undefined:undefined":2,"s:27:6:27:Infinity":15,"s:27:19:27:Infinity":16,"s:28:19:28:Infinity":17,"s:29:6:29:Infinity":18,"s:30:6:30:Infinity":19,"s:31:6:31:Infinity":20,"f:31:17:31:23":2,"s:31:23:31:51":21,"s:33:6:33:Infinity":22,"s:34:6:34:Infinity":23,"s:36:4:36:Infinity":24,"s:39:2:116:Infinity":25,"f:60:24:60:25":3,"s:60:31:60:Infinity":26,"b:76:20:76:31:76:31:76:Infinity":3,"b:80:21:80:95:80:95:80:Infinity":4,"b:83:9:83:Infinity:84:10:86:Infinity":5,"b:91:13:91:23:91:23:91:Infinity:92:15:111:Infinity":6},"fnNames":{}}}
,"C:\\Users\\robot\\Downloads\\ecos\\src\\components\\TransitFootprint.tsx": {"path":"C:\\Users\\robot\\Downloads\\ecos\\src\\components\\TransitFootprint.tsx","statementMap":{"0":{"start":{"line":10,"column":30},"end":{"line":10,"column":null}},"1":{"start":{"line":11,"column":22},"end":{"line":11,"column":null}},"2":{"start":{"line":12,"column":28},"end":{"line":12,"column":null}},"3":{"start":{"line":13,"column":24},"end":{"line":13,"column":null}},"4":{"start":{"line":14,"column":26},"end":{"line":14,"column":null}},"5":{"start":{"line":15,"column":8},"end":{"line":15,"column":null}},"6":{"start":{"line":16,"column":19},"end":{"line":16,"column":null}},"7":{"start":{"line":18,"column":20},"end":{"line":41,"column":null}},"8":{"start":{"line":19,"column":4},"end":{"line":19,"column":null}},"9":{"start":{"line":20,"column":4},"end":{"line":20,"column":null}},"10":{"start":{"line":20,"column":48},"end":{"line":20,"column":null}},"11":{"start":{"line":21,"column":4},"end":{"line":21,"column":null}},"12":{"start":{"line":22,"column":4},"end":{"line":22,"column":null}},"13":{"start":{"line":23,"column":4},"end":{"line":23,"column":null}},"14":{"start":{"line":24,"column":4},"end":{"line":39,"column":null}},"15":{"start":{"line":25,"column":18},"end":{"line":29,"column":null}},"16":{"start":{"line":30,"column":6},"end":{"line":30,"column":null}},"17":{"start":{"line":30,"column":19},"end":{"line":30,"column":null}},"18":{"start":{"line":31,"column":19},"end":{"line":31,"column":null}},"19":{"start":{"line":32,"column":6},"end":{"line":32,"column":null}},"20":{"start":{"line":33,"column":6},"end":{"line":33,"column":null}},"21":{"start":{"line":35,"column":6},"end":{"line":35,"column":null}},"22":{"start":{"line":35,"column":23},"end":{"line":35,"column":51}},"23":{"start":{"line":37,"column":6},"end":{"line":37,"column":null}},"24":{"start":{"line":38,"column":6},"end":{"line":38,"column":null}},"25":{"start":{"line":40,"column":4},"end":{"line":40,"column":null}},"26":{"start":{"line":43,"column":16},"end":{"line":48,"column":null}},"27":{"start":{"line":50,"column":2},"end":{"line":153,"column":null}},"28":{"start":{"line":68,"column":29},"end":{"line":68,"column":null}},"29":{"start":{"line":82,"column":14},"end":{"line":97,"column":null}},"30":{"start":{"line":85,"column":31},"end":{"line":85,"column":null}},"31":{"start":{"line":127,"column":57},"end":{"line":127,"column":70}},"32":{"start":{"line":136,"column":46},"end":{"line":136,"column":59}},"33":{"start":{"line":147,"column":143},"end":{"line":147,"column":156}}},"fnMap":{"0":{"name":"TransitFootprint","decl":{"start":{"line":9,"column":16},"end":{"line":9,"column":35}},"loc":{"start":{"line":9,"column":35},"end":{"line":155,"column":null}},"line":9},"1":{"name":"(anonymous_1)","decl":{"start":{"line":18,"column":20},"end":{"line":18,"column":27}},"loc":{"start":{"line":18,"column":51},"end":{"line":41,"column":null}},"line":18},"2":{"name":"(anonymous_2)","decl":{"start":{"line":35,"column":17},"end":{"line":35,"column":23}},"loc":{"start":{"line":35,"column":23},"end":{"line":35,"column":51}},"line":35},"3":{"name":"(anonymous_3)","decl":{"start":{"line":68,"column":22},"end":{"line":68,"column":23}},"loc":{"start":{"line":68,"column":29},"end":{"line":68,"column":null}},"line":68},"4":{"name":"(anonymous_4)","decl":{"start":{"line":81,"column":23},"end":{"line":81,"column":24}},"loc":{"start":{"line":82,"column":14},"end":{"line":97,"column":null}},"line":82},"5":{"name":"(anonymous_5)","decl":{"start":{"line":85,"column":25},"end":{"line":85,"column":31}},"loc":{"start":{"line":85,"column":31},"end":{"line":85,"column":null}},"line":85},"6":{"name":"(anonymous_6)","decl":{"start":{"line":127,"column":52},"end":{"line":127,"column":57}},"loc":{"start":{"line":127,"column":57},"end":{"line":127,"column":70}},"line":127},"7":{"name":"(anonymous_7)","decl":{"start":{"line":136,"column":41},"end":{"line":136,"column":46}},"loc":{"start":{"line":136,"column":46},"end":{"line":136,"column":59}},"line":136},"8":{"name":"(anonymous_8)","decl":{"start":{"line":147,"column":138},"end":{"line":147,"column":143}},"loc":{"start":{"line":147,"column":143},"end":{"line":147,"column":156}},"line":147}},"branchMap":{"0":{"loc":{"start":{"line":20,"column":4},"end":{"line":20,"column":null}},"type":"if","locations":[{"start":{"line":20,"column":4},"end":{"line":20,"column":null}},{"start":{},"end":{}}],"line":20},"1":{"loc":{"start":{"line":20,"column":8},"end":{"line":20,"column":48}},"type":"binary-expr","locations":[{"start":{"line":20,"column":8},"end":{"line":20,"column":21}},{"start":{"line":20,"column":21},"end":{"line":20,"column":48}}],"line":20},"2":{"loc":{"start":{"line":30,"column":6},"end":{"line":30,"column":null}},"type":"if","locations":[{"start":{"line":30,"column":6},"end":{"line":30,"column":null}},{"start":{},"end":{}}],"line":30},"3":{"loc":{"start":{"line":90,"column":18},"end":{"line":92,"column":null}},"type":"cond-expr","locations":[{"start":{"line":91,"column":22},"end":{"line":91,"column":null}},{"start":{"line":92,"column":22},"end":{"line":92,"column":null}}],"line":90},"4":{"loc":{"start":{"line":104,"column":20},"end":{"line":104,"column":null}},"type":"binary-expr","locations":[{"start":{"line":104,"column":20},"end":{"line":104,"column":31}},{"start":{"line":104,"column":31},"end":{"line":104,"column":null}}],"line":104},"5":{"loc":{"start":{"line":108,"column":11},"end":{"line":108,"column":null}},"type":"cond-expr","locations":[{"start":{"line":108,"column":21},"end":{"line":108,"column":95}},{"start":{"line":108,"column":95},"end":{"line":108,"column":null}}],"line":108},"6":{"loc":{"start":{"line":111,"column":9},"end":{"line":114,"column":null}},"type":"binary-expr","locations":[{"start":{"line":111,"column":9},"end":{"line":111,"column":null}},{"start":{"line":112,"column":10},"end":{"line":114,"column":null}}],"line":111},"7":{"loc":{"start":{"line":119,"column":13},"end":{"line":148,"column":null}},"type":"binary-expr","locations":[{"start":{"line":119,"column":13},"end":{"line":119,"column":23}},{"start":{"line":119,"column":23},"end":{"line":119,"column":null}},{"start":{"line":120,"column":15},"end":{"line":148,"column":null}}],"line":119},"8":{"loc":{"start":{"line":127,"column":149},"end":{"line":127,"column":229}},"type":"binary-expr","locations":[{"start":{"line":127,"column":149},"end":{"line":127,"column":228}},{"start":{"line":127,"column":228},"end":{"line":127,"column":229}}],"line":127},"9":{"loc":{"start":{"line":142,"column":36},"end":{"line":142,"column":116}},"type":"binary-expr","locations":[{"start":{"line":142,"column":36},"end":{"line":142,"column":115}},{"start":{"line":142,"column":115},"end":{"line":142,"column":116}}],"line":142}},"s":{"0":18,"1":18,"2":18,"3":18,"4":18,"5":18,"6":18,"7":18,"8":3,"9":3,"10":0,"11":3,"12":3,"13":3,"14":3,"15":3,"16":2,"17":2,"18":2,"19":2,"20":2,"21":2,"22":1,"23":1,"24":1,"25":3,"26":18,"27":18,"28":4,"29":72,"30":1,"31":2,"32":2,"33":2},"f":{"0":18,"1":3,"2":1,"3":4,"4":72,"5":1,"6":2,"7":2,"8":2},"b":{"0":[0,3],"1":[3,3],"2":[0,2],"3":[18,54],"4":[18,15],"5":[3,15],"6":[18,1],"7":[18,2,2],"8":[2,2],"9":[2,2]},"meta":{"lastBranch":10,"lastFunction":9,"lastStatement":34,"seen":{"f:9:16:9:35":0,"s:10:30:10:Infinity":0,"s:11:22:11:Infinity":1,"s:12:28:12:Infinity":2,"s:13:24:13:Infinity":3,"s:14:26:14:Infinity":4,"s:15:8:15:Infinity":5,"s:16:19:16:Infinity":6,"s:18:20:41:Infinity":7,"f:18:20:18:27":1,"s:19:4:19:Infinity":8,"b:20:4:20:Infinity:undefined:undefined:undefined:undefined":0,"s:20:4:20:Infinity":9,"b:20:8:20:21:20:21:20:48":1,"s:20:48:20:Infinity":10,"s:21:4:21:Infinity":11,"s:22:4:22:Infinity":12,"s:23:4:23:Infinity":13,"s:24:4:39:Infinity":14,"s:25:18:29:Infinity":15,"b:30:6:30:Infinity:undefined:undefined:undefined:undefined":2,"s:30:6:30:Infinity":16,"s:30:19:30:Infinity":17,"s:31:19:31:Infinity":18,"s:32:6:32:Infinity":19,"s:33:6:33:Infinity":20,"s:35:6:35:Infinity":21,"f:35:17:35:23":2,"s:35:23:35:51":22,"s:37:6:37:Infinity":23,"s:38:6:38:Infinity":24,"s:40:4:40:Infinity":25,"s:43:16:48:Infinity":26,"s:50:2:153:Infinity":27,"f:68:22:68:23":3,"s:68:29:68:Infinity":28,"f:81:23:81:24":4,"s:82:14:97:Infinity":29,"f:85:25:85:31":5,"s:85:31:85:Infinity":30,"b:91:22:91:Infinity:92:22:92:Infinity":3,"b:104:20:104:31:104:31:104:Infinity":4,"b:108:21:108:95:108:95:108:Infinity":5,"b:111:9:111:Infinity:112:10:114:Infinity":6,"b:119:13:119:23:119:23:119:Infinity:120:15:148:Infinity":7,"f:127:52:127:57":6,"s:127:57:127:70":31,"b:127:149:127:228:127:228:127:229":8,"f:136:41:136:46":7,"s:136:46:136:59":32,"b:142:36:142:115:142:115:142:116":9,"f:147:138:147:143":8,"s:147:143:147:156":33},"fnNames":{}}}
,"C:\\Users\\robot\\Downloads\\ecos\\src\\hooks\\useTrackingHistory.ts": {"path":"C:\\Users\\robot\\Downloads\\ecos\\src\\hooks\\useTrackingHistory.ts","statementMap":{"0":{"start":{"line":29,"column":20},"end":{"line":29,"column":null}},"1":{"start":{"line":32,"column":2},"end":{"line":37,"column":null}},"2":{"start":{"line":33,"column":16},"end":{"line":33,"column":null}},"3":{"start":{"line":34,"column":4},"end":{"line":34,"column":null}},"4":{"start":{"line":36,"column":4},"end":{"line":36,"column":null}},"5":{"start":{"line":41,"column":2},"end":{"line":47,"column":null}},"6":{"start":{"line":43,"column":20},"end":{"line":43,"column":null}},"7":{"start":{"line":44,"column":4},"end":{"line":44,"column":null}},"8":{"start":{"line":51,"column":28},"end":{"line":51,"column":null}},"9":{"start":{"line":51,"column":64},"end":{"line":51,"column":77}},"10":{"start":{"line":54,"column":2},"end":{"line":56,"column":null}},"11":{"start":{"line":55,"column":4},"end":{"line":55,"column":null}},"12":{"start":{"line":58,"column":8},"end":{"line":66,"column":null}},"13":{"start":{"line":59,"column":33},"end":{"line":64,"column":null}},"14":{"start":{"line":65,"column":4},"end":{"line":65,"column":null}},"15":{"start":{"line":65,"column":23},"end":{"line":65,"column":39}},"16":{"start":{"line":68,"column":8},"end":{"line":71,"column":null}},"17":{"start":{"line":69,"column":4},"end":{"line":69,"column":null}},"18":{"start":{"line":70,"column":4},"end":{"line":70,"column":null}},"19":{"start":{"line":73,"column":35},"end":{"line":86,"column":null}},"20":{"start":{"line":75,"column":38},"end":{"line":75,"column":58}},"21":{"start":{"line":76,"column":36},"end":{"line":76,"column":54}},"22":{"start":{"line":78,"column":19},"end":{"line":78,"column":39}},"23":{"start":{"line":79,"column":26},"end":{"line":79,"column":59}},"24":{"start":{"line":81,"column":19},"end":{"line":81,"column":37}},"25":{"start":{"line":82,"column":26},"end":{"line":82,"column":65}},"26":{"start":{"line":84,"column":6},"end":{"line":84,"column":null}},"27":{"start":{"line":88,"column":2},"end":{"line":88,"column":null}}},"fnMap":{"0":{"name":"loadHistory","decl":{"start":{"line":31,"column":9},"end":{"line":31,"column":40}},"loc":{"start":{"line":31,"column":40},"end":{"line":38,"column":null}},"line":31},"1":{"name":"saveHistory","decl":{"start":{"line":40,"column":9},"end":{"line":40,"column":21}},"loc":{"start":{"line":40,"column":47},"end":{"line":48,"column":null}},"line":40},"2":{"name":"useTrackingHistory","decl":{"start":{"line":50,"column":16},"end":{"line":50,"column":37}},"loc":{"start":{"line":50,"column":37},"end":{"line":89,"column":null}},"line":50},"3":{"name":"(anonymous_3)","decl":{"start":{"line":51,"column":58},"end":{"line":51,"column":64}},"loc":{"start":{"line":51,"column":64},"end":{"line":51,"column":77}},"line":51},"4":{"name":"(anonymous_4)","decl":{"start":{"line":54,"column":12},"end":{"line":54,"column":18}},"loc":{"start":{"line":54,"column":18},"end":{"line":56,"column":5}},"line":54},"5":{"name":"(anonymous_5)","decl":{"start":{"line":58,"column":31},"end":{"line":58,"column":32}},"loc":{"start":{"line":58,"column":93},"end":{"line":66,"column":5}},"line":58},"6":{"name":"(anonymous_6)","decl":{"start":{"line":65,"column":15},"end":{"line":65,"column":23}},"loc":{"start":{"line":65,"column":23},"end":{"line":65,"column":39}},"line":65},"7":{"name":"(anonymous_7)","decl":{"start":{"line":68,"column":35},"end":{"line":68,"column":41}},"loc":{"start":{"line":68,"column":41},"end":{"line":71,"column":5}},"line":68},"8":{"name":"(anonymous_8)","decl":{"start":{"line":75,"column":33},"end":{"line":75,"column":38}},"loc":{"start":{"line":75,"column":38},"end":{"line":75,"column":58}},"line":75},"9":{"name":"(anonymous_9)","decl":{"start":{"line":76,"column":31},"end":{"line":76,"column":36}},"loc":{"start":{"line":76,"column":36},"end":{"line":76,"column":54}},"line":76},"10":{"name":"(anonymous_10)","decl":{"start":{"line":78,"column":14},"end":{"line":78,"column":19}},"loc":{"start":{"line":78,"column":19},"end":{"line":78,"column":39}},"line":78},"11":{"name":"(anonymous_11)","decl":{"start":{"line":79,"column":14},"end":{"line":79,"column":15}},"loc":{"start":{"line":79,"column":26},"end":{"line":79,"column":59}},"line":79},"12":{"name":"(anonymous_12)","decl":{"start":{"line":81,"column":14},"end":{"line":81,"column":19}},"loc":{"start":{"line":81,"column":19},"end":{"line":81,"column":37}},"line":81},"13":{"name":"(anonymous_13)","decl":{"start":{"line":82,"column":14},"end":{"line":82,"column":15}},"loc":{"start":{"line":82,"column":26},"end":{"line":82,"column":65}},"line":82},"14":{"name":"netCarbonKg","decl":{"start":{"line":83,"column":8},"end":{"line":83,"column":22}},"loc":{"start":{"line":83,"column":22},"end":{"line":85,"column":null}},"line":83}},"branchMap":{"0":{"loc":{"start":{"line":34,"column":11},"end":{"line":34,"column":null}},"type":"cond-expr","locations":[{"start":{"line":34,"column":17},"end":{"line":34,"column":35}},{"start":{"line":34,"column":35},"end":{"line":34,"column":null}}],"line":34},"1":{"loc":{"start":{"line":79,"column":33},"end":{"line":79,"column":59}},"type":"binary-expr","locations":[{"start":{"line":79,"column":33},"end":{"line":79,"column":55}},{"start":{"line":79,"column":55},"end":{"line":79,"column":59}}],"line":79},"2":{"loc":{"start":{"line":82,"column":33},"end":{"line":82,"column":65}},"type":"binary-expr","locations":[{"start":{"line":82,"column":33},"end":{"line":82,"column":61}},{"start":{"line":82,"column":61},"end":{"line":82,"column":65}}],"line":82}},"s":{"0":3,"1":23,"2":23,"3":23,"4":1,"5":36,"6":36,"7":36,"8":57,"9":23,"10":57,"11":36,"12":57,"13":17,"14":17,"15":17,"16":57,"17":1,"18":1,"19":57,"20":44,"21":44,"22":44,"23":25,"24":44,"25":19,"26":1,"27":57},"f":{"0":23,"1":36,"2":57,"3":23,"4":36,"5":17,"6":17,"7":1,"8":44,"9":44,"10":44,"11":25,"12":44,"13":19,"14":1},"b":{"0":[12,11],"1":[25,0],"2":[19,0]},"meta":{"lastBranch":3,"lastFunction":15,"lastStatement":28,"seen":{"s:29:20:29:Infinity":0,"f:31:9:31:40":0,"s:32:2:37:Infinity":1,"s:33:16:33:Infinity":2,"s:34:4:34:Infinity":3,"b:34:17:34:35:34:35:34:Infinity":0,"s:36:4:36:Infinity":4,"f:40:9:40:21":1,"s:41:2:47:Infinity":5,"s:43:20:43:Infinity":6,"s:44:4:44:Infinity":7,"f:50:16:50:37":2,"s:51:28:51:Infinity":8,"f:51:58:51:64":3,"s:51:64:51:77":9,"s:54:2:56:Infinity":10,"f:54:12:54:18":4,"s:55:4:55:Infinity":11,"s:58:8:66:Infinity":12,"f:58:31:58:32":5,"s:59:33:64:Infinity":13,"s:65:4:65:Infinity":14,"f:65:15:65:23":6,"s:65:23:65:39":15,"s:68:8:71:Infinity":16,"f:68:35:68:41":7,"s:69:4:69:Infinity":17,"s:70:4:70:Infinity":18,"s:73:35:86:Infinity":19,"f:75:33:75:38":8,"s:75:38:75:58":20,"f:76:31:76:36":9,"s:76:36:76:54":21,"f:78:14:78:19":10,"s:78:19:78:39":22,"f:79:14:79:15":11,"s:79:26:79:59":23,"b:79:33:79:55:79:55:79:59":1,"f:81:14:81:19":12,"s:81:19:81:37":24,"f:82:14:82:15":13,"s:82:26:82:65":25,"b:82:33:82:61:82:61:82:65":2,"f:83:8:83:22":14,"s:84:6:84:Infinity":26,"s:88:2:88:Infinity":27},"fnNames":{}}}
}
